#
# There is insufficient memory for the Java Runtime Environment to continue.
# Native memory allocation (malloc) failed to allocate 1048576 bytes. Error detail: AllocateHeap
# Possible reasons:
#   The system is out of physical RAM or swap space
#   This process is running with CompressedOops enabled, and the Java Heap may be blocking the growth of the native heap
# Possible solutions:
#   Reduce memory load on the system
#   Increase physical memory or swap space
#   Check if swap backing store is full
#   Decrease Java heap size (-Xmx/-Xms)
#   Decrease number of Java threads
#   Decrease Java thread stack sizes (-Xss)
#   Set larger code cache with -XX:ReservedCodeCacheSize=
#   JVM is running with Unscaled Compressed Oops mode in which the Java heap is
#     placed in the first 4GB address space. The Java Heap base address is the
#     maximum limit for the native heap growth. Please use -XX:HeapBaseMinAddress
#     to set the Java Heap base and to place the Java Heap above 4GB virtual address.
# This output file may be truncated or incomplete.
#
#  Out of Memory Error (allocation.cpp:44), pid=6640, tid=10764
#
# JRE version: OpenJDK Runtime Environment Corretto-17.0.11.9.1 (17.0.11+9) (build 17.0.11+9-LTS)
# Java VM: OpenJDK 64-Bit Server VM Corretto-17.0.11.9.1 (17.0.11+9-LTS, mixed mode, emulated-client, sharing, tiered, compressed oops, compressed class ptrs, g1 gc, windows-amd64)
# No core dump will be written. Minidumps are not enabled by default on client versions of Windows
#

---------------  S U M M A R Y ------------

Command Line: -XX:TieredStopAtLevel=1 -Dspring.output.ansi.enabled=always -Dcom.sun.management.jmxremote -Dspring.jmx.enabled=true -Dspring.liveBeansView.mbeanDomain -Dspring.application.admin.enabled=true -Dmanagement.endpoints.jmx.exposure.include=* -javaagent:C:\Program Files\JetBrains\IntelliJ IDEA 2024.1.4\lib\idea_rt.jar=54471:C:\Program Files\JetBrains\IntelliJ IDEA 2024.1.4\bin -Dfile.encoding=UTF-8 com.quizprojectapi.QuizProjectApiApplication

Host: AMD Ryzen 3 5300U with Radeon Graphics         , 8 cores, 7G,  Windows 11 , 64 bit Build 22621 (10.0.22621.4974)
Time: Tue Mar 18 22:55:22 2025 SE Asia Standard Time elapsed time: 529.432368 seconds (0d 0h 8m 49s)

---------------  T H R E A D  ---------------

Current thread (0x000001d05699a7b0):  VMThread "VM Thread" [stack: 0x0000006c3c000000,0x0000006c3c100000] [id=10764]

Stack: [0x0000006c3c000000,0x0000006c3c100000]
Native frames: (J=compiled Java code, j=interpreted, Vv=VM code, C=native code)
V  [jvm.dll+0x67d009]
V  [jvm.dll+0x83489a]
V  [jvm.dll+0x83635e]
V  [jvm.dll+0x8369c3]
V  [jvm.dll+0x2479df]
V  [jvm.dll+0xa6cb3]
V  [jvm.dll+0x2f86b3]
V  [jvm.dll+0x2f4330]
V  [jvm.dll+0x2dcb47]
V  [jvm.dll+0x31f767]
V  [jvm.dll+0x83aebb]
V  [jvm.dll+0x83bbf2]
V  [jvm.dll+0x83c10d]
V  [jvm.dll+0x83c4e4]
V  [jvm.dll+0x83c5b0]
V  [jvm.dll+0x7e3e0a]
V  [jvm.dll+0x67bef5]
C  [ucrtbase.dll+0x29333]
C  [KERNEL32.DLL+0x1259d]
C  [ntdll.dll+0x5af38]

VM_Operation (0x0000006c3b9fedc0): G1CollectFull, mode: safepoint, requested by thread 0x000001d05c9b9060


---------------  P R O C E S S  ---------------

Threads class SMR info:
_java_thread_list=0x000001d05e402aa0, length=17, elements={
0x000001d0569a32e0, 0x000001d0569a3f60, 0x000001d0569ad9f0, 0x000001d0569ae3b0,
0x000001d05b00b0c0, 0x000001d05b00b990, 0x000001d05b00c310, 0x000001d05b010d30,
0x000001d056989ee0, 0x000001d05b3f5aa0, 0x000001d05b3f6380, 0x000001d05b616ee0,
0x000001d05bbf3660, 0x000001d05c9ba4a0, 0x000001d05d15e060, 0x000001d05d162c50,
0x000001d05c9b9060
}
_to_delete_list=0x000001d05dae4c50, length=20, elements={
0x000001d0569a32e0, 0x000001d0569a3f60, 0x000001d0569ad9f0, 0x000001d0569ae3b0,
0x000001d05b00b0c0, 0x000001d05b00b990, 0x000001d05b00c310, 0x000001d05b010d30,
0x000001d056989ee0, 0x000001d05b3f5aa0, 0x000001d05b3f6380, 0x000001d05b616ee0,
0x000001d05bbf3660, 0x000001d05c9ba4a0, 0x000001d05d15e060, 0x000001d05d162c50,
0x000001d05d1645a0, 0x000001d05d162740, 0x000001d05d164ab0, 0x000001d05c9b9060
}

Java Threads: ( => current thread )
  0x000001d0569a32e0 JavaThread "Reference Handler" daemon [_thread_blocked, id=16836, stack(0x0000006c3c100000,0x0000006c3c200000)]
  0x000001d0569a3f60 JavaThread "Finalizer" daemon [_thread_blocked, id=17428, stack(0x0000006c3c200000,0x0000006c3c300000)]
  0x000001d0569ad9f0 JavaThread "Signal Dispatcher" daemon [_thread_blocked, id=9644, stack(0x0000006c3c300000,0x0000006c3c400000)]
  0x000001d0569ae3b0 JavaThread "Attach Listener" daemon [_thread_blocked, id=10392, stack(0x0000006c3c400000,0x0000006c3c500000)]
  0x000001d05b00b0c0 JavaThread "Service Thread" daemon [_thread_blocked, id=14904, stack(0x0000006c3c500000,0x0000006c3c600000)]
  0x000001d05b00b990 JavaThread "Monitor Deflation Thread" daemon [_thread_blocked, id=11508, stack(0x0000006c3c600000,0x0000006c3c700000)]
  0x000001d05b00c310 JavaThread "C1 CompilerThread0" daemon [_thread_blocked, id=9160, stack(0x0000006c3c700000,0x0000006c3c800000)]
  0x000001d05b010d30 JavaThread "Sweeper thread" daemon [_thread_blocked, id=18408, stack(0x0000006c3c800000,0x0000006c3c900000)]
  0x000001d056989ee0 JavaThread "Common-Cleaner" daemon [_thread_blocked, id=2516, stack(0x0000006c3c900000,0x0000006c3ca00000)]
  0x000001d05b3f5aa0 JavaThread "Monitor Ctrl-Break" daemon [_thread_in_native, id=18128, stack(0x0000006c3cc00000,0x0000006c3cd00000)]
  0x000001d05b3f6380 JavaThread "Notification Thread" daemon [_thread_blocked, id=17464, stack(0x0000006c3cd00000,0x0000006c3ce00000)]
  0x000001d05b616ee0 JavaThread "RMI TCP Accept-0" daemon [_thread_in_native, id=10256, stack(0x0000006c3ce00000,0x0000006c3cf00000)]
  0x000001d05bbf3660 JavaThread "RMI Scheduler(0)" daemon [_thread_blocked, id=9100, stack(0x0000006c3da00000,0x0000006c3db00000)]
  0x000001d05c9ba4a0 JavaThread "mysql-cj-abandoned-connection-cleanup" daemon [_thread_blocked, id=12052, stack(0x0000006c3e100000,0x0000006c3e200000)]
  0x000001d05d15e060 JavaThread "Live Reload Server" daemon [_thread_in_native, id=17668, stack(0x0000006c3e700000,0x0000006c3e800000)]
  0x000001d05d162c50 JavaThread "DestroyJavaVM" [_thread_blocked, id=10488, stack(0x0000006c3ba00000,0x0000006c3bb00000)]
  0x000001d05c9b9060 JavaThread "Thread-7" [_thread_blocked, id=14752, stack(0x0000006c3b900000,0x0000006c3ba00000)]

Other Threads:
=>0x000001d05699a7b0 VMThread "VM Thread" [stack: 0x0000006c3c000000,0x0000006c3c100000] [id=10764]
  0x000001d04515aa70 WatcherThread [stack: 0x0000006c3cf00000,0x0000006c3d000000] [id=9524]
  0x000001d0451aedc0 GCTaskThread "GC Thread#0" [stack: 0x0000006c3bb00000,0x0000006c3bc00000] [id=17336]
  0x000001d05ba009a0 GCTaskThread "GC Thread#1" [stack: 0x0000006c3d000000,0x0000006c3d100000] [id=11520]
  0x000001d05b9fa210 GCTaskThread "GC Thread#2" [stack: 0x0000006c3d100000,0x0000006c3d200000] [id=12456]
  0x000001d05ba481a0 GCTaskThread "GC Thread#3" [stack: 0x0000006c3d200000,0x0000006c3d300000] [id=17900]
  0x000001d05ba48460 GCTaskThread "GC Thread#4" [stack: 0x0000006c3d300000,0x0000006c3d400000] [id=11128]
  0x000001d05ba48720 GCTaskThread "GC Thread#5" [stack: 0x0000006c3d400000,0x0000006c3d500000] [id=11980]
  0x000001d05ba4c9f0 GCTaskThread "GC Thread#6" [stack: 0x0000006c3d500000,0x0000006c3d600000] [id=17804]
  0x000001d05c099560 GCTaskThread "GC Thread#7" [stack: 0x0000006c3dc00000,0x0000006c3dd00000] [id=16212]
  0x000001d0451be790 ConcurrentGCThread "G1 Main Marker" [stack: 0x0000006c3bc00000,0x0000006c3bd00000] [id=3152]
  0x000001d0451bf950 ConcurrentGCThread "G1 Conc#0" [stack: 0x0000006c3bd00000,0x0000006c3be00000] [id=3764]
  0x000001d05c5518a0 ConcurrentGCThread "G1 Conc#1" [stack: 0x0000006c3de00000,0x0000006c3df00000] [id=17640]
  0x000001d056856240 ConcurrentGCThread "G1 Refine#0" [stack: 0x0000006c3be00000,0x0000006c3bf00000] [id=948]
  0x000001d05b9f9610 ConcurrentGCThread "G1 Refine#1" [stack: 0x0000006c3d600000,0x0000006c3d700000] [id=18196]
  0x000001d056856c70 ConcurrentGCThread "G1 Service" [stack: 0x0000006c3bf00000,0x0000006c3c000000] [id=12576]

Threads with active compile tasks:

VM state: at safepoint (normal execution)

VM Mutex/Monitor currently owned by a thread:  ([mutex/lock_event])
[0x000001d0451546d0] Threads_lock - owner thread: 0x000001d05699a7b0
[0x000001d045154d90] Heap_lock - owner thread: 0x000001d05c9b9060

Heap address: 0x000000008ac00000, size: 1876 MB, Compressed Oops mode: 32-bit

CDS archive(s) mapped at: [0x000001d000000000-0x000001d000bb0000-0x000001d000bb0000), size 12255232, SharedBaseAddress: 0x000001d000000000, ArchiveRelocationMode: 1.
Compressed class space mapped at: 0x000001d001000000-0x000001d041000000, reserved size: 1073741824
Narrow klass base: 0x000001d000000000, Narrow klass shift: 0, Narrow klass range: 0x100000000

GC Precious Log:
 CPUs: 8 total, 8 available
 Memory: 7502M
 Large Page Support: Disabled
 NUMA Support: Disabled
 Compressed Oops: Enabled (32-bit)
 Heap Region Size: 1M
 Heap Min Capacity: 8M
 Heap Initial Capacity: 118M
 Heap Max Capacity: 1876M
 Pre-touch: Disabled
 Parallel Workers: 8
 Concurrent Workers: 2
 Concurrent Refinement Workers: 8
 Periodic GC: Disabled

Heap:
 garbage-first heap   total 114688K, used 62587K [0x000000008ac00000, 0x0000000100000000)
  region size 1024K, 21 young (21504K), 3 survivors (3072K)
 Metaspace       used 82522K, committed 83712K, reserved 1179648K
  class space    used 12170K, committed 12608K, reserved 1048576K

Heap Regions: E=young(eden), S=young(survivor), O=old, HS=humongous(starts), HC=humongous(continues), CS=collection set, F=free, OA=open archive, CA=closed archive, TAMS=top-at-mark-start (previous, next)
|   0|0x000000008ac00000, 0x000000008ad00000, 0x000000008ad00000|100%|HS|  |TAMS 0x000000008ad00000, 0x000000008ac00000| Complete 
|   1|0x000000008ad00000, 0x000000008ae00000, 0x000000008ae00000|100%|HS|  |TAMS 0x000000008ae00000, 0x000000008ad00000| Complete 
|   2|0x000000008ae00000, 0x000000008af00000, 0x000000008af00000|100%| O|  |TAMS 0x000000008af00000, 0x000000008ae00000| Untracked 
|   3|0x000000008af00000, 0x000000008b000000, 0x000000008b000000|100%| O|  |TAMS 0x000000008b000000, 0x000000008af00000| Untracked 
|   4|0x000000008b000000, 0x000000008b100000, 0x000000008b100000|100%| O|  |TAMS 0x000000008b100000, 0x000000008b000000| Untracked 
|   5|0x000000008b100000, 0x000000008b1fffe8, 0x000000008b200000| 99%| O|  |TAMS 0x000000008b1fffe8, 0x000000008b100000| Untracked 
|   6|0x000000008b200000, 0x000000008b300000, 0x000000008b300000|100%| O|  |TAMS 0x000000008b300000, 0x000000008b200000| Untracked 
|   7|0x000000008b300000, 0x000000008b400000, 0x000000008b400000|100%| O|  |TAMS 0x000000008b400000, 0x000000008b300000| Untracked 
|   8|0x000000008b400000, 0x000000008b500000, 0x000000008b500000|100%| O|  |TAMS 0x000000008b500000, 0x000000008b400000| Untracked 
|   9|0x000000008b500000, 0x000000008b600000, 0x000000008b600000|100%| O|  |TAMS 0x000000008b600000, 0x000000008b500000| Untracked 
|  10|0x000000008b600000, 0x000000008b6ffff8, 0x000000008b700000| 99%| O|  |TAMS 0x000000008b6ffff8, 0x000000008b600000| Untracked 
|  11|0x000000008b700000, 0x000000008b7fffd0, 0x000000008b800000| 99%| O|  |TAMS 0x000000008b7fffd0, 0x000000008b700000| Untracked 
|  12|0x000000008b800000, 0x000000008b900000, 0x000000008b900000|100%| O|  |TAMS 0x000000008b900000, 0x000000008b800000| Untracked 
|  13|0x000000008b900000, 0x000000008b9f8620, 0x000000008ba00000| 97%| O|  |TAMS 0x000000008b9f8620, 0x000000008b900000| Untracked 
|  14|0x000000008ba00000, 0x000000008bafffd0, 0x000000008bb00000| 99%| O|  |TAMS 0x000000008bafffd0, 0x000000008ba00000| Untracked 
|  15|0x000000008bb00000, 0x000000008bbfffe8, 0x000000008bc00000| 99%| O|  |TAMS 0x000000008bbfffe8, 0x000000008bb00000| Untracked 
|  16|0x000000008bc00000, 0x000000008bd00000, 0x000000008bd00000|100%| O|  |TAMS 0x000000008bd00000, 0x000000008bc00000| Untracked 
|  17|0x000000008bd00000, 0x000000008be00000, 0x000000008be00000|100%| O|  |TAMS 0x000000008be00000, 0x000000008bd00000| Untracked 
|  18|0x000000008be00000, 0x000000008befffe0, 0x000000008bf00000| 99%| O|  |TAMS 0x000000008befffe0, 0x000000008be00000| Untracked 
|  19|0x000000008bf00000, 0x000000008bfffff8, 0x000000008c000000| 99%| O|  |TAMS 0x000000008bfffff8, 0x000000008bf00000| Untracked 
|  20|0x000000008c000000, 0x000000008c0ff990, 0x000000008c100000| 99%| O|  |TAMS 0x000000008c0ff990, 0x000000008c000000| Untracked 
|  21|0x000000008c100000, 0x000000008c200000, 0x000000008c200000|100%| O|  |TAMS 0x000000008c200000, 0x000000008c100000| Untracked 
|  22|0x000000008c200000, 0x000000008c2fffb0, 0x000000008c300000| 99%| O|  |TAMS 0x000000008c2fffb0, 0x000000008c200000| Untracked 
|  23|0x000000008c300000, 0x000000008c3fffe8, 0x000000008c400000| 99%| O|  |TAMS 0x000000008c3fffe8, 0x000000008c300000| Untracked 
|  24|0x000000008c400000, 0x000000008c4fffe8, 0x000000008c500000| 99%| O|  |TAMS 0x000000008c4fffe8, 0x000000008c400000| Untracked 
|  25|0x000000008c500000, 0x000000008c5ffff8, 0x000000008c600000| 99%| O|  |TAMS 0x000000008c5ffff8, 0x000000008c500000| Untracked 
|  26|0x000000008c600000, 0x000000008c6fffa8, 0x000000008c700000| 99%| O|  |TAMS 0x000000008c6fffa8, 0x000000008c600000| Untracked 
|  27|0x000000008c700000, 0x000000008c7ffff8, 0x000000008c800000| 99%| O|  |TAMS 0x000000008c7ffff8, 0x000000008c700000| Untracked 
|  28|0x000000008c800000, 0x000000008c8fff28, 0x000000008c900000| 99%| O|  |TAMS 0x000000008c8fff28, 0x000000008c800000| Untracked 
|  29|0x000000008c900000, 0x000000008c9ffff8, 0x000000008ca00000| 99%| O|  |TAMS 0x000000008c9ffff8, 0x000000008c900000| Untracked 
|  30|0x000000008ca00000, 0x000000008ca8dde8, 0x000000008cb00000| 55%| O|  |TAMS 0x000000008ca8dde8, 0x000000008ca00000| Untracked 
|  31|0x000000008cb00000, 0x000000008cb99bf0, 0x000000008cc00000| 60%| O|  |TAMS 0x000000008cb99bf0, 0x000000008cb00000| Untracked 
|  32|0x000000008cc00000, 0x000000008cd00000, 0x000000008cd00000|100%| O|  |TAMS 0x000000008cd00000, 0x000000008cc00000| Untracked 
|  33|0x000000008cd00000, 0x000000008cdfe318, 0x000000008ce00000| 99%| O|  |TAMS 0x000000008cdfe318, 0x000000008cd00000| Untracked 
|  34|0x000000008ce00000, 0x000000008ceffff8, 0x000000008cf00000| 99%| O|  |TAMS 0x000000008ceffff8, 0x000000008ce00000| Untracked 
|  35|0x000000008cf00000, 0x000000008d000000, 0x000000008d000000|100%| O|  |TAMS 0x000000008d000000, 0x000000008cf00000| Untracked 
|  36|0x000000008d000000, 0x000000008d09b1a0, 0x000000008d100000| 60%| O|  |TAMS 0x000000008d09b1a0, 0x000000008d000000| Untracked 
|  37|0x000000008d100000, 0x000000008d200000, 0x000000008d200000|100%| O|  |TAMS 0x000000008d200000, 0x000000008d100000| Untracked 
|  38|0x000000008d200000, 0x000000008d300000, 0x000000008d300000|100%| O|  |TAMS 0x000000008d300000, 0x000000008d200000| Untracked 
|  39|0x000000008d300000, 0x000000008d400000, 0x000000008d400000|100%| O|  |TAMS 0x000000008d400000, 0x000000008d300000| Untracked 
|  40|0x000000008d400000, 0x000000008d46d390, 0x000000008d500000| 42%| O|  |TAMS 0x000000008d46d390, 0x000000008d400000| Untracked 
|  41|0x000000008d500000, 0x000000008d600000, 0x000000008d600000|100%| O|  |TAMS 0x000000008d542e00, 0x000000008d500000| Untracked 
|  42|0x000000008d600000, 0x000000008d700000, 0x000000008d700000|100%| O|  |TAMS 0x000000008d600000, 0x000000008d600000| Untracked 
|  43|0x000000008d700000, 0x000000008d73da00, 0x000000008d800000| 24%| O|  |TAMS 0x000000008d700000, 0x000000008d700000| Untracked 
|  44|0x000000008d800000, 0x000000008d800000, 0x000000008d900000|  0%| F|  |TAMS 0x000000008d800000, 0x000000008d800000| Untracked 
|  45|0x000000008d900000, 0x000000008d900000, 0x000000008da00000|  0%| F|  |TAMS 0x000000008d900000, 0x000000008d900000| Untracked 
|  46|0x000000008da00000, 0x000000008da00000, 0x000000008db00000|  0%| F|  |TAMS 0x000000008da00000, 0x000000008da00000| Untracked 
|  47|0x000000008db00000, 0x000000008db00000, 0x000000008dc00000|  0%| F|  |TAMS 0x000000008db00000, 0x000000008db00000| Untracked 
|  48|0x000000008dc00000, 0x000000008dc00000, 0x000000008dd00000|  0%| F|  |TAMS 0x000000008dc00000, 0x000000008dc00000| Untracked 
|  49|0x000000008dd00000, 0x000000008dd00000, 0x000000008de00000|  0%| F|  |TAMS 0x000000008dd00000, 0x000000008dd00000| Untracked 
|  50|0x000000008de00000, 0x000000008de00000, 0x000000008df00000|  0%| F|  |TAMS 0x000000008de00000, 0x000000008de00000| Untracked 
|  51|0x000000008df00000, 0x000000008df00000, 0x000000008e000000|  0%| F|  |TAMS 0x000000008df00000, 0x000000008df00000| Untracked 
|  52|0x000000008e000000, 0x000000008e000000, 0x000000008e100000|  0%| F|  |TAMS 0x000000008e000000, 0x000000008e000000| Untracked 
|  53|0x000000008e100000, 0x000000008e100000, 0x000000008e200000|  0%| F|  |TAMS 0x000000008e100000, 0x000000008e100000| Untracked 
|  54|0x000000008e200000, 0x000000008e200000, 0x000000008e300000|  0%| F|  |TAMS 0x000000008e200000, 0x000000008e200000| Untracked 
|  55|0x000000008e300000, 0x000000008e3bb308, 0x000000008e400000| 73%| S|CS|TAMS 0x000000008e300000, 0x000000008e300000| Complete 
|  56|0x000000008e400000, 0x000000008e400000, 0x000000008e500000|  0%| F|  |TAMS 0x000000008e400000, 0x000000008e400000| Untracked 
|  57|0x000000008e500000, 0x000000008e500000, 0x000000008e600000|  0%| F|  |TAMS 0x000000008e500000, 0x000000008e500000| Untracked 
|  58|0x000000008e600000, 0x000000008e700000, 0x000000008e700000|100%| S|CS|TAMS 0x000000008e600000, 0x000000008e600000| Complete 
|  59|0x000000008e700000, 0x000000008e700000, 0x000000008e800000|  0%| F|  |TAMS 0x000000008e700000, 0x000000008e700000| Untracked 
|  60|0x000000008e800000, 0x000000008e900000, 0x000000008e900000|100%| S|CS|TAMS 0x000000008e800000, 0x000000008e800000| Complete 
|  61|0x000000008e900000, 0x000000008e900000, 0x000000008ea00000|  0%| F|  |TAMS 0x000000008e900000, 0x000000008e900000| Untracked 
|  62|0x000000008ea00000, 0x000000008ea00000, 0x000000008eb00000|  0%| F|  |TAMS 0x000000008ea00000, 0x000000008ea00000| Untracked 
|  63|0x000000008eb00000, 0x000000008eb00000, 0x000000008ec00000|  0%| F|  |TAMS 0x000000008eb00000, 0x000000008eb00000| Untracked 
|  64|0x000000008ec00000, 0x000000008ec00000, 0x000000008ed00000|  0%| F|  |TAMS 0x000000008ec00000, 0x000000008ec00000| Untracked 
|  65|0x000000008ed00000, 0x000000008ed00000, 0x000000008ee00000|  0%| F|  |TAMS 0x000000008ed00000, 0x000000008ed00000| Untracked 
|  66|0x000000008ee00000, 0x000000008ee00000, 0x000000008ef00000|  0%| F|  |TAMS 0x000000008ee00000, 0x000000008ee00000| Untracked 
|  67|0x000000008ef00000, 0x000000008ef00000, 0x000000008f000000|  0%| F|  |TAMS 0x000000008ef00000, 0x000000008ef00000| Untracked 
|  68|0x000000008f000000, 0x000000008f000000, 0x000000008f100000|  0%| F|  |TAMS 0x000000008f000000, 0x000000008f000000| Untracked 
|  69|0x000000008f100000, 0x000000008f100000, 0x000000008f200000|  0%| F|  |TAMS 0x000000008f100000, 0x000000008f100000| Untracked 
|  70|0x000000008f200000, 0x000000008f200000, 0x000000008f300000|  0%| F|  |TAMS 0x000000008f200000, 0x000000008f200000| Untracked 
|  71|0x000000008f300000, 0x000000008f300000, 0x000000008f400000|  0%| F|  |TAMS 0x000000008f300000, 0x000000008f300000| Untracked 
|  72|0x000000008f400000, 0x000000008f400000, 0x000000008f500000|  0%| F|  |TAMS 0x000000008f400000, 0x000000008f400000| Untracked 
|  73|0x000000008f500000, 0x000000008f500000, 0x000000008f600000|  0%| F|  |TAMS 0x000000008f500000, 0x000000008f500000| Untracked 
|  74|0x000000008f600000, 0x000000008f600000, 0x000000008f700000|  0%| F|  |TAMS 0x000000008f600000, 0x000000008f600000| Untracked 
|  75|0x000000008f700000, 0x000000008f700000, 0x000000008f800000|  0%| F|  |TAMS 0x000000008f700000, 0x000000008f700000| Untracked 
|  76|0x000000008f800000, 0x000000008f800000, 0x000000008f900000|  0%| F|  |TAMS 0x000000008f800000, 0x000000008f800000| Untracked 
|  77|0x000000008f900000, 0x000000008f900000, 0x000000008fa00000|  0%| F|  |TAMS 0x000000008f900000, 0x000000008f900000| Untracked 
|  78|0x000000008fa00000, 0x000000008fa00000, 0x000000008fb00000|  0%| F|  |TAMS 0x000000008fa00000, 0x000000008fa00000| Untracked 
|  79|0x000000008fb00000, 0x000000008fb00000, 0x000000008fc00000|  0%| F|  |TAMS 0x000000008fb00000, 0x000000008fb00000| Untracked 
|  80|0x000000008fc00000, 0x000000008fc00000, 0x000000008fd00000|  0%| F|  |TAMS 0x000000008fc00000, 0x000000008fc00000| Untracked 
|  81|0x000000008fd00000, 0x000000008fd00000, 0x000000008fe00000|  0%| F|  |TAMS 0x000000008fd00000, 0x000000008fd00000| Untracked 
|  82|0x000000008fe00000, 0x000000008fe00000, 0x000000008ff00000|  0%| F|  |TAMS 0x000000008fe00000, 0x000000008fe00000| Untracked 
|  83|0x000000008ff00000, 0x000000008ff00000, 0x0000000090000000|  0%| F|  |TAMS 0x000000008ff00000, 0x000000008ff00000| Untracked 
|  84|0x0000000090000000, 0x0000000090000000, 0x0000000090100000|  0%| F|  |TAMS 0x0000000090000000, 0x0000000090000000| Untracked 
|  85|0x0000000090100000, 0x0000000090100000, 0x0000000090200000|  0%| F|  |TAMS 0x0000000090100000, 0x0000000090100000| Untracked 
|  86|0x0000000090200000, 0x0000000090200000, 0x0000000090300000|  0%| F|  |TAMS 0x0000000090200000, 0x0000000090200000| Untracked 
|  87|0x0000000090300000, 0x0000000090300000, 0x0000000090400000|  0%| F|  |TAMS 0x0000000090300000, 0x0000000090300000| Untracked 
|  88|0x0000000090400000, 0x0000000090400000, 0x0000000090500000|  0%| F|  |TAMS 0x0000000090400000, 0x0000000090400000| Untracked 
|  89|0x0000000090500000, 0x0000000090500000, 0x0000000090600000|  0%| F|  |TAMS 0x0000000090500000, 0x0000000090500000| Untracked 
|  90|0x0000000090600000, 0x0000000090600000, 0x0000000090700000|  0%| F|  |TAMS 0x0000000090600000, 0x0000000090600000| Untracked 
|  91|0x0000000090700000, 0x0000000090700000, 0x0000000090800000|  0%| F|  |TAMS 0x0000000090700000, 0x0000000090700000| Untracked 
|  92|0x0000000090800000, 0x0000000090800000, 0x0000000090900000|  0%| F|  |TAMS 0x0000000090800000, 0x0000000090800000| Untracked 
|  93|0x0000000090900000, 0x0000000090900000, 0x0000000090a00000|  0%| F|  |TAMS 0x0000000090900000, 0x0000000090900000| Untracked 
|  94|0x0000000090a00000, 0x0000000090b00000, 0x0000000090b00000|100%| E|  |TAMS 0x0000000090a00000, 0x0000000090a00000| Complete 
|  95|0x0000000090b00000, 0x0000000090c00000, 0x0000000090c00000|100%| E|CS|TAMS 0x0000000090b00000, 0x0000000090b00000| Complete 
|  96|0x0000000090c00000, 0x0000000090d00000, 0x0000000090d00000|100%| E|CS|TAMS 0x0000000090c00000, 0x0000000090c00000| Complete 
|  97|0x0000000090d00000, 0x0000000090e00000, 0x0000000090e00000|100%| E|CS|TAMS 0x0000000090d00000, 0x0000000090d00000| Complete 
|  98|0x0000000090e00000, 0x0000000090f00000, 0x0000000090f00000|100%| E|CS|TAMS 0x0000000090e00000, 0x0000000090e00000| Complete 
|  99|0x0000000090f00000, 0x0000000091000000, 0x0000000091000000|100%| E|CS|TAMS 0x0000000090f00000, 0x0000000090f00000| Complete 
| 100|0x0000000091000000, 0x0000000091100000, 0x0000000091100000|100%| E|CS|TAMS 0x0000000091000000, 0x0000000091000000| Complete 
| 101|0x0000000091100000, 0x0000000091200000, 0x0000000091200000|100%| E|CS|TAMS 0x0000000091100000, 0x0000000091100000| Complete 
| 102|0x0000000091200000, 0x0000000091300000, 0x0000000091300000|100%| E|CS|TAMS 0x0000000091200000, 0x0000000091200000| Complete 
| 103|0x0000000091300000, 0x0000000091400000, 0x0000000091400000|100%| E|CS|TAMS 0x0000000091300000, 0x0000000091300000| Complete 
| 104|0x0000000091400000, 0x0000000091500000, 0x0000000091500000|100%| E|CS|TAMS 0x0000000091400000, 0x0000000091400000| Complete 
| 105|0x0000000091500000, 0x0000000091600000, 0x0000000091600000|100%| E|CS|TAMS 0x0000000091500000, 0x0000000091500000| Complete 
| 106|0x0000000091600000, 0x0000000091700000, 0x0000000091700000|100%| E|CS|TAMS 0x0000000091600000, 0x0000000091600000| Complete 
| 107|0x0000000091700000, 0x0000000091800000, 0x0000000091800000|100%| E|CS|TAMS 0x0000000091700000, 0x0000000091700000| Complete 
| 108|0x0000000091800000, 0x0000000091900000, 0x0000000091900000|100%| E|CS|TAMS 0x0000000091800000, 0x0000000091800000| Complete 
| 109|0x0000000091900000, 0x0000000091a00000, 0x0000000091a00000|100%| E|CS|TAMS 0x0000000091900000, 0x0000000091900000| Complete 
| 110|0x0000000091a00000, 0x0000000091b00000, 0x0000000091b00000|100%| E|CS|TAMS 0x0000000091a00000, 0x0000000091a00000| Complete 
| 117|0x0000000092100000, 0x0000000092200000, 0x0000000092200000|100%| E|CS|TAMS 0x0000000092100000, 0x0000000092100000| Complete 

Card table byte_map: [0x000001d0500f0000,0x000001d0504a0000] _byte_map_base: 0x000001d04fc9a000

Marking Bits (Prev, Next): (CMBitMap*) 0x000001d0451af420, (CMBitMap*) 0x000001d0451af3e0
 Prev Bits: [0x000001d0525a0000, 0x000001d0542f0000)
 Next Bits: [0x000001d050850000, 0x000001d0525a0000)

Polling page: 0x000001d0430d0000

Metaspace:

Usage:
  Non-class:     68.70 MB used.
      Class:     11.88 MB used.
       Both:     80.59 MB used.

Virtual space:
  Non-class space:      128.00 MB reserved,      69.44 MB ( 54%) committed,  2 nodes.
      Class space:        1.00 GB reserved,      12.31 MB (  1%) committed,  1 nodes.
             Both:        1.12 GB reserved,      81.75 MB (  7%) committed. 

Chunk freelists:
   Non-Class:  10.95 MB
       Class:  3.70 MB
        Both:  14.65 MB

MaxMetaspaceSize: unlimited
CompressedClassSpaceSize: 1.00 GB
Initial GC threshold: 21.00 MB
Current GC threshold: 136.25 MB
CDS: on
MetaspaceReclaimPolicy: balanced
 - commit_granule_bytes: 65536.
 - commit_granule_words: 8192.
 - virtual_space_node_default_size: 8388608.
 - enlarge_chunks_in_place: 1.
 - new_chunks_are_fully_committed: 0.
 - uncommit_free_chunks: 1.
 - use_allocation_guard: 0.
 - handle_deallocations: 1.


Internal statistics:

num_allocs_failed_limit: 9.
num_arena_births: 1096.
num_arena_deaths: 378.
num_vsnodes_births: 3.
num_vsnodes_deaths: 0.
num_space_committed: 1308.
num_space_uncommitted: 0.
num_chunks_returned_to_freelist: 457.
num_chunks_taken_from_freelist: 4108.
num_chunk_merges: 170.
num_chunk_splits: 2965.
num_chunks_enlarged: 2255.
num_inconsistent_stats: 0.

CodeCache: size=49152Kb used=14786Kb max_used=16419Kb free=34365Kb
 bounds [0x000001d04cc30000, 0x000001d04dc40000, 0x000001d04fc30000]
 total_blobs=9052 nmethods=8340 adapters=639
 compilation: enabled
              stopped_count=0, restarted_count=0
 full_count=0

Compilation events (20 events):
Event: 529.275 Thread 0x000001d05b00c310 8331       1       sun.security.ssl.TransportContext::isOutboundClosed (8 bytes)
Event: 529.276 Thread 0x000001d05b00c310 nmethod 8331 0x000001d04db4f090 code [0x000001d04db4f220, 0x000001d04db4f2f8]
Event: 529.337 Thread 0x000001d05b00c310 8332       1       java.lang.ClassValue::version (5 bytes)
Event: 529.340 Thread 0x000001d05b00c310 nmethod 8332 0x000001d04db4ed90 code [0x000001d04db4ef20, 0x000001d04db4eff8]
Event: 529.340 Thread 0x000001d05b00c310 8333       1       java.lang.ClassValue$Entry::version (8 bytes)
Event: 529.340 Thread 0x000001d05b00c310 nmethod 8333 0x000001d04db4ea10 code [0x000001d04db4eba0, 0x000001d04db4ecb8]
Event: 529.382 Thread 0x000001d05b00c310 8337  s    1       java.beans.ChangeListenerMap::get (25 bytes)
Event: 529.385 Thread 0x000001d05b00c310 nmethod 8337 0x000001d04db4e590 code [0x000001d04db4e740, 0x000001d04db4e948]
Event: 529.385 Thread 0x000001d05b00c310 8338       1       java.beans.PropertyChangeSupport::fire (39 bytes)
Event: 529.385 Thread 0x000001d05b00c310 nmethod 8338 0x000001d04db4e210 code [0x000001d04db4e3a0, 0x000001d04db4e4c8]
Event: 529.385 Thread 0x000001d05b00c310 8334       1       java.beans.PropertyChangeEvent::getOldValue (5 bytes)
Event: 529.386 Thread 0x000001d05b00c310 nmethod 8334 0x000001d04db4df10 code [0x000001d04db4e0a0, 0x000001d04db4e178]
Event: 529.386 Thread 0x000001d05b00c310 8335       1       java.beans.PropertyChangeEvent::getNewValue (5 bytes)
Event: 529.386 Thread 0x000001d05b00c310 nmethod 8335 0x000001d04db4dc10 code [0x000001d04db4dda0, 0x000001d04db4de78]
Event: 529.386 Thread 0x000001d05b00c310 8336       1       java.beans.PropertyChangeEvent::getPropertyName (5 bytes)
Event: 529.387 Thread 0x000001d05b00c310 nmethod 8336 0x000001d04db4d910 code [0x000001d04db4daa0, 0x000001d04db4db78]
Event: 529.387 Thread 0x000001d05b00c310 8339       1       org.apache.tomcat.util.collections.ManagedConcurrentWeakHashMap$Key::hashCode (5 bytes)
Event: 529.387 Thread 0x000001d05b00c310 nmethod 8339 0x000001d04db4d610 code [0x000001d04db4d7a0, 0x000001d04db4d878]
Event: 529.420 Thread 0x000001d05b00c310 8340       1       org.apache.catalina.core.ContainerBase::getName (5 bytes)
Event: 529.420 Thread 0x000001d05b00c310 nmethod 8340 0x000001d04db4d310 code [0x000001d04db4d4a0, 0x000001d04db4d578]

GC Heap History (20 events):
Event: 6.831 GC heap before
{Heap before GC invocations=20 (full 0):
 garbage-first heap   total 78848K, used 63196K [0x000000008ac00000, 0x0000000100000000)
  region size 1024K, 31 young (31744K), 4 survivors (4096K)
 Metaspace       used 74150K, committed 74752K, reserved 1114112K
  class space    used 10880K, committed 11200K, reserved 1048576K
}
Event: 6.834 GC heap after
{Heap after GC invocations=21 (full 0):
 garbage-first heap   total 78848K, used 37385K [0x000000008ac00000, 0x0000000100000000)
  region size 1024K, 4 young (4096K), 4 survivors (4096K)
 Metaspace       used 74150K, committed 74752K, reserved 1114112K
  class space    used 10880K, committed 11200K, reserved 1048576K
}
Event: 7.094 GC heap before
{Heap before GC invocations=21 (full 0):
 garbage-first heap   total 78848K, used 64009K [0x000000008ac00000, 0x0000000100000000)
  region size 1024K, 30 young (30720K), 4 survivors (4096K)
 Metaspace       used 75570K, committed 76160K, reserved 1114112K
  class space    used 11092K, committed 11392K, reserved 1048576K
}
Event: 7.097 GC heap after
{Heap after GC invocations=22 (full 0):
 garbage-first heap   total 95232K, used 39443K [0x000000008ac00000, 0x0000000100000000)
  region size 1024K, 4 young (4096K), 4 survivors (4096K)
 Metaspace       used 75570K, committed 76160K, reserved 1114112K
  class space    used 11092K, committed 11392K, reserved 1048576K
}
Event: 7.563 GC heap before
{Heap before GC invocations=22 (full 0):
 garbage-first heap   total 95232K, used 77331K [0x000000008ac00000, 0x0000000100000000)
  region size 1024K, 41 young (41984K), 4 survivors (4096K)
 Metaspace       used 77702K, committed 78336K, reserved 1179648K
  class space    used 11442K, committed 11712K, reserved 1048576K
}
Event: 7.568 GC heap after
{Heap after GC invocations=23 (full 0):
 garbage-first heap   total 95232K, used 41421K [0x000000008ac00000, 0x0000000100000000)
  region size 1024K, 4 young (4096K), 4 survivors (4096K)
 Metaspace       used 77702K, committed 78336K, reserved 1179648K
  class space    used 11442K, committed 11712K, reserved 1048576K
}
Event: 8.450 GC heap before
{Heap before GC invocations=23 (full 0):
 garbage-first heap   total 95232K, used 77261K [0x000000008ac00000, 0x0000000100000000)
  region size 1024K, 39 young (39936K), 4 survivors (4096K)
 Metaspace       used 80231K, committed 80960K, reserved 1179648K
  class space    used 11853K, committed 12224K, reserved 1048576K
}
Event: 8.454 GC heap after
{Heap after GC invocations=24 (full 0):
 garbage-first heap   total 95232K, used 43279K [0x000000008ac00000, 0x0000000100000000)
  region size 1024K, 5 young (5120K), 5 survivors (5120K)
 Metaspace       used 80231K, committed 80960K, reserved 1179648K
  class space    used 11853K, committed 12224K, reserved 1048576K
}
Event: 393.777 GC heap before
{Heap before GC invocations=24 (full 0):
 garbage-first heap   total 95232K, used 64783K [0x000000008ac00000, 0x0000000100000000)
  region size 1024K, 27 young (27648K), 5 survivors (5120K)
 Metaspace       used 82668K, committed 83392K, reserved 1179648K
  class space    used 12231K, committed 12544K, reserved 1048576K
}
Event: 394.005 GC heap after
{Heap after GC invocations=25 (full 1):
 garbage-first heap   total 95232K, used 35991K [0x000000008ac00000, 0x0000000100000000)
  region size 1024K, 0 young (0K), 0 survivors (0K)
 Metaspace       used 82668K, committed 83392K, reserved 1179648K
  class space    used 12231K, committed 12544K, reserved 1048576K
}
Event: 394.679 GC heap before
{Heap before GC invocations=25 (full 1):
 garbage-first heap   total 95232K, used 73879K [0x000000008ac00000, 0x0000000100000000)
  region size 1024K, 38 young (38912K), 0 survivors (0K)
 Metaspace       used 82686K, committed 83392K, reserved 1179648K
  class space    used 12235K, committed 12544K, reserved 1048576K
}
Event: 394.684 GC heap after
{Heap after GC invocations=26 (full 1):
 garbage-first heap   total 95232K, used 39188K [0x000000008ac00000, 0x0000000100000000)
  region size 1024K, 4 young (4096K), 4 survivors (4096K)
 Metaspace       used 82686K, committed 83392K, reserved 1179648K
  class space    used 12235K, committed 12544K, reserved 1048576K
}
Event: 395.011 GC heap before
{Heap before GC invocations=26 (full 1):
 garbage-first heap   total 95232K, used 74004K [0x000000008ac00000, 0x0000000100000000)
  region size 1024K, 39 young (39936K), 4 survivors (4096K)
 Metaspace       used 82703K, committed 83392K, reserved 1179648K
  class space    used 12237K, committed 12544K, reserved 1048576K
}
Event: 395.016 GC heap after
{Heap after GC invocations=27 (full 1):
 garbage-first heap   total 95232K, used 40829K [0x000000008ac00000, 0x0000000100000000)
  region size 1024K, 2 young (2048K), 2 survivors (2048K)
 Metaspace       used 82703K, committed 83392K, reserved 1179648K
  class space    used 12237K, committed 12544K, reserved 1048576K
}
Event: 395.361 GC heap before
{Heap before GC invocations=27 (full 1):
 garbage-first heap   total 95232K, used 74621K [0x000000008ac00000, 0x0000000100000000)
  region size 1024K, 36 young (36864K), 2 survivors (2048K)
 Metaspace       used 82920K, committed 83712K, reserved 1179648K
  class space    used 12259K, committed 12608K, reserved 1048576K
}
Event: 395.364 GC heap after
{Heap after GC invocations=28 (full 1):
 garbage-first heap   total 95232K, used 42547K [0x000000008ac00000, 0x0000000100000000)
  region size 1024K, 4 young (4096K), 4 survivors (4096K)
 Metaspace       used 82920K, committed 83712K, reserved 1179648K
  class space    used 12259K, committed 12608K, reserved 1048576K
}
Event: 395.609 GC heap before
{Heap before GC invocations=28 (full 1):
 garbage-first heap   total 95232K, used 76339K [0x000000008ac00000, 0x0000000100000000)
  region size 1024K, 37 young (37888K), 4 survivors (4096K)
 Metaspace       used 82939K, committed 83712K, reserved 1179648K
  class space    used 12262K, committed 12608K, reserved 1048576K
}
Event: 395.614 GC heap after
{Heap after GC invocations=29 (full 1):
 garbage-first heap   total 95232K, used 44133K [0x000000008ac00000, 0x0000000100000000)
  region size 1024K, 4 young (4096K), 4 survivors (4096K)
 Metaspace       used 82939K, committed 83712K, reserved 1179648K
  class space    used 12262K, committed 12608K, reserved 1048576K
}
Event: 395.874 GC heap before
{Heap before GC invocations=29 (full 1):
 garbage-first heap   total 95232K, used 76901K [0x000000008ac00000, 0x0000000100000000)
  region size 1024K, 36 young (36864K), 4 survivors (4096K)
 Metaspace       used 82943K, committed 83712K, reserved 1179648K
  class space    used 12263K, committed 12608K, reserved 1048576K
}
Event: 395.880 GC heap after
{Heap after GC invocations=30 (full 1):
 garbage-first heap   total 114688K, used 45179K [0x000000008ac00000, 0x0000000100000000)
  region size 1024K, 3 young (3072K), 3 survivors (3072K)
 Metaspace       used 82943K, committed 83712K, reserved 1179648K
  class space    used 12263K, committed 12608K, reserved 1048576K
}

Dll operation events (14 events):
Event: 0.013 Loaded shared library C:\Users\Admin\.jdks\corretto-17.0.11\bin\java.dll
Event: 0.034 Loaded shared library C:\Users\Admin\.jdks\corretto-17.0.11\bin\jsvml.dll
Event: 0.150 Loaded shared library C:\Users\Admin\.jdks\corretto-17.0.11\bin\zip.dll
Event: 0.153 Loaded shared library C:\Users\Admin\.jdks\corretto-17.0.11\bin\instrument.dll
Event: 0.159 Loaded shared library C:\Users\Admin\.jdks\corretto-17.0.11\bin\net.dll
Event: 0.162 Loaded shared library C:\Users\Admin\.jdks\corretto-17.0.11\bin\nio.dll
Event: 0.166 Loaded shared library C:\Users\Admin\.jdks\corretto-17.0.11\bin\zip.dll
Event: 0.268 Loaded shared library C:\Program Files\JetBrains\IntelliJ IDEA 2024.1.4\bin\breakgen64.dll
Event: 0.274 Loaded shared library C:\Users\Admin\.jdks\corretto-17.0.11\bin\jimage.dll
Event: 0.283 Loaded shared library C:\Users\Admin\.jdks\corretto-17.0.11\bin\extnet.dll
Event: 0.293 Loaded shared library C:\Users\Admin\.jdks\corretto-17.0.11\bin\management.dll
Event: 0.309 Loaded shared library C:\Users\Admin\.jdks\corretto-17.0.11\bin\management_ext.dll
Event: 1.772 Loaded shared library C:\Users\Admin\.jdks\corretto-17.0.11\bin\sunmscapi.dll
Event: 4.535 Loaded shared library C:\Users\Admin\.jdks\corretto-17.0.11\bin\verify.dll

Deoptimization events (8 events):
Event: 3.047 Thread 0x000001d05b929020 DEOPT PACKING pc=0x000001d04d4f6335 sp=0x0000006c3d8fd6c0
Event: 3.047 Thread 0x000001d05b929020 DEOPT UNPACKING pc=0x000001d04cc87143 sp=0x0000006c3d8fcc68 mode 0
Event: 3.703 Thread 0x000001d05c9ba9b0 DEOPT PACKING pc=0x000001d04d0f0e97 sp=0x0000006c3dbfeeb0
Event: 3.703 Thread 0x000001d05c9ba9b0 DEOPT UNPACKING pc=0x000001d04cc87143 sp=0x0000006c3dbfe308 mode 3
Event: 6.043 Thread 0x000001d05b929020 DEOPT PACKING pc=0x000001d04d1abba2 sp=0x0000006c3d8fa960
Event: 6.043 Thread 0x000001d05b929020 DEOPT UNPACKING pc=0x000001d04cc87143 sp=0x0000006c3d8f9e68 mode 3
Event: 7.868 Thread 0x000001d05b929020 DEOPT PACKING pc=0x000001d04d7ce300 sp=0x0000006c3d8fe7e0
Event: 7.868 Thread 0x000001d05b929020 DEOPT UNPACKING pc=0x000001d04cc87143 sp=0x0000006c3d8fdcb8 mode 3

Classes unloaded (20 events):
Event: 395.916 Thread 0x000001d05699a7b0 Unloading class 0x000001d0010d4000 'java/lang/invoke/LambdaForm$MH+0x000001d0010d4000'
Event: 395.916 Thread 0x000001d05699a7b0 Unloading class 0x000001d0010c0800 'jdk/internal/reflect/GeneratedSerializationConstructorAccessor3'
Event: 395.916 Thread 0x000001d05699a7b0 Unloading class 0x000001d0010c0400 'jdk/internal/reflect/GeneratedSerializationConstructorAccessor2'
Event: 395.916 Thread 0x000001d05699a7b0 Unloading class 0x000001d0010c0000 'jdk/internal/reflect/GeneratedSerializationConstructorAccessor1'
Event: 395.916 Thread 0x000001d05699a7b0 Unloading class 0x000001d001009000 'java/lang/invoke/LambdaForm$DMH+0x000001d001009000'
Event: 395.916 Thread 0x000001d05699a7b0 Unloading class 0x000001d001008800 'java/lang/invoke/LambdaForm$DMH+0x000001d001008800'
Event: 395.916 Thread 0x000001d05699a7b0 Unloading class 0x000001d001007c00 'jdk/internal/reflect/GeneratedConstructorAccessor1'
Event: 395.916 Thread 0x000001d05699a7b0 Unloading class 0x000001d001007400 'java/lang/invoke/LambdaForm$MH+0x000001d001007400'
Event: 395.916 Thread 0x000001d05699a7b0 Unloading class 0x000001d001007000 'java/lang/invoke/LambdaForm$MH+0x000001d001007000'
Event: 395.916 Thread 0x000001d05699a7b0 Unloading class 0x000001d001006c00 'java/lang/invoke/LambdaForm$MH+0x000001d001006c00'
Event: 395.916 Thread 0x000001d05699a7b0 Unloading class 0x000001d001006800 'java/lang/invoke/LambdaForm$MH+0x000001d001006800'
Event: 395.916 Thread 0x000001d05699a7b0 Unloading class 0x000001d001006400 'java/lang/invoke/LambdaForm$MH+0x000001d001006400'
Event: 395.916 Thread 0x000001d05699a7b0 Unloading class 0x000001d001006000 'java/lang/invoke/LambdaForm$MH+0x000001d001006000'
Event: 395.916 Thread 0x000001d05699a7b0 Unloading class 0x000001d001005000 'java/lang/invoke/LambdaForm$MH+0x000001d001005000'
Event: 395.916 Thread 0x000001d05699a7b0 Unloading class 0x000001d001004c00 'java/lang/invoke/LambdaForm$MH+0x000001d001004c00'
Event: 395.916 Thread 0x000001d05699a7b0 Unloading class 0x000001d001004400 'java/lang/invoke/LambdaForm$MH+0x000001d001004400'
Event: 395.916 Thread 0x000001d05699a7b0 Unloading class 0x000001d001003800 'java/lang/invoke/LambdaForm$MH+0x000001d001003800'
Event: 395.916 Thread 0x000001d05699a7b0 Unloading class 0x000001d001003000 'java/lang/invoke/LambdaForm$MH+0x000001d001003000'
Event: 395.916 Thread 0x000001d05699a7b0 Unloading class 0x000001d001002800 'java/lang/invoke/LambdaForm$MH+0x000001d001002800'
Event: 395.916 Thread 0x000001d05699a7b0 Unloading class 0x000001d001002000 'java/lang/invoke/LambdaForm$MH+0x000001d001002000'

Classes redefined (0 events):
No events

Internal exceptions (20 events):
Event: 394.885 Thread 0x000001d05d15ef90 Exception <a 'sun/nio/fs/WindowsException'{0x000000008f2bedf0}> (0x000000008f2bedf0) 
thrown [s\src\hotspot\share\prims\jni.cpp, line 516]
Event: 394.885 Thread 0x000001d05d15ef90 Exception <a 'sun/nio/fs/WindowsException'{0x000000008f2bf458}> (0x000000008f2bf458) 
thrown [s\src\hotspot\share\prims\jni.cpp, line 516]
Event: 394.885 Thread 0x000001d05d15ef90 Exception <a 'sun/nio/fs/WindowsException'{0x000000008f2bfb30}> (0x000000008f2bfb30) 
thrown [s\src\hotspot\share\prims\jni.cpp, line 516]
Event: 394.891 Thread 0x000001d05d15ef90 Exception <a 'java/io/FileNotFoundException'{0x000000008f2fa060}> (0x000000008f2fa060) 
thrown [s\src\hotspot\share\prims\jni.cpp, line 516]
Event: 394.891 Thread 0x000001d05d15ef90 Exception <a 'java/io/FileNotFoundException'{0x000000008f2fb180}> (0x000000008f2fb180) 
thrown [s\src\hotspot\share\prims\jni.cpp, line 516]
Event: 395.105 Thread 0x000001d05d15ef90 Exception <a 'sun/nio/fs/WindowsException'{0x00000000901514c0}> (0x00000000901514c0) 
thrown [s\src\hotspot\share\prims\jni.cpp, line 516]
Event: 395.302 Thread 0x000001d05d15ef90 Exception <a 'java/lang/reflect/InvocationTargetException'{0x000000008ee4ec58}> (0x000000008ee4ec58) 
thrown [s\src\hotspot\share\runtime\reflection.cpp, line 1121]
Event: 395.307 Thread 0x000001d05d15ef90 Exception <a 'java/lang/reflect/InvocationTargetException'{0x000000008ee5e9b8}> (0x000000008ee5e9b8) 
thrown [s\src\hotspot\share\runtime\reflection.cpp, line 1121]
Event: 395.470 Thread 0x000001d05d15ef90 Exception <a 'sun/nio/fs/WindowsException'{0x000000008fbd5ed8}> (0x000000008fbd5ed8) 
thrown [s\src\hotspot\share\prims\jni.cpp, line 516]
Event: 529.242 Thread 0x000001d05d163160 Exception <a 'java/io/IOException'{0x0000000090a8c1a0}> (0x0000000090a8c1a0) 
thrown [s\src\hotspot\share\prims\jni.cpp, line 516]
Event: 529.244 Thread 0x000001d05d163160 Exception <a 'java/io/IOException'{0x0000000090a8cce0}> (0x0000000090a8cce0) 
thrown [s\src\hotspot\share\prims\jni.cpp, line 516]
Event: 529.267 Thread 0x000001d05d163160 Exception <a 'java/io/IOException'{0x0000000090a94948}> (0x0000000090a94948) 
thrown [s\src\hotspot\share\prims\jni.cpp, line 516]
Event: 529.267 Thread 0x000001d05d163160 Exception <a 'java/io/IOException'{0x0000000090a95488}> (0x0000000090a95488) 
thrown [s\src\hotspot\share\prims\jni.cpp, line 516]
Event: 529.270 Thread 0x000001d05d163160 Exception <a 'java/io/IOException'{0x0000000090a97ea0}> (0x0000000090a97ea0) 
thrown [s\src\hotspot\share\prims\jni.cpp, line 516]
Event: 529.270 Thread 0x000001d05d163160 Exception <a 'java/io/IOException'{0x0000000090a989e0}> (0x0000000090a989e0) 
thrown [s\src\hotspot\share\prims\jni.cpp, line 516]
Event: 529.276 Thread 0x000001d05d163160 Exception <a 'java/io/IOException'{0x0000000090a9e248}> (0x0000000090a9e248) 
thrown [s\src\hotspot\share\prims\jni.cpp, line 516]
Event: 529.278 Thread 0x000001d05d163160 Exception <a 'java/net/SocketException'{0x0000000090aa1138}: Connection reset by peer: shutdown> (0x0000000090aa1138) 
thrown [s\src\hotspot\share\prims\jni.cpp, line 535]
Event: 529.282 Thread 0x000001d05d163160 Exception <a 'java/io/IOException'{0x0000000090aa5100}> (0x0000000090aa5100) 
thrown [s\src\hotspot\share\prims\jni.cpp, line 516]
Event: 529.283 Thread 0x000001d05d163160 Exception <a 'java/io/IOException'{0x0000000090aa5c40}> (0x0000000090aa5c40) 
thrown [s\src\hotspot\share\prims\jni.cpp, line 516]
Event: 529.421 Thread 0x000001d05d164ab0 Exception <a 'java/lang/InterruptedException'{0x0000000090ae6f10}: sleep interrupted> (0x0000000090ae6f10) 
thrown [s\src\hotspot\share\prims\jvm.cpp, line 3064]

VM Operations (20 events):
Event: 394.764 Executing VM operation: HandshakeAllThreads done
Event: 395.011 Executing VM operation: G1CollectForAllocation
Event: 395.016 Executing VM operation: G1CollectForAllocation done
Event: 395.361 Executing VM operation: G1CollectForAllocation
Event: 395.364 Executing VM operation: G1CollectForAllocation done
Event: 395.609 Executing VM operation: G1CollectForAllocation
Event: 395.614 Executing VM operation: G1CollectForAllocation done
Event: 395.874 Executing VM operation: G1CollectForAllocation
Event: 395.880 Executing VM operation: G1CollectForAllocation done
Event: 395.913 Executing VM operation: G1PauseRemark
Event: 395.922 Executing VM operation: G1PauseRemark done
Event: 395.937 Executing VM operation: G1PauseCleanup
Event: 395.946 Executing VM operation: G1PauseCleanup done
Event: 396.958 Executing VM operation: Cleanup
Event: 396.958 Executing VM operation: Cleanup done
Event: 409.064 Executing VM operation: Cleanup
Event: 409.064 Executing VM operation: Cleanup done
Event: 420.890 Executing VM operation: HandshakeAllThreads
Event: 420.890 Executing VM operation: HandshakeAllThreads done
Event: 529.426 Executing VM operation: G1CollectFull

Events (20 events):
Event: 528.262 Thread 0x000001d05d163b80 Thread added: 0x000001d05d163b80
Event: 528.871 Thread 0x000001d05c9ba9b0 Thread exited: 0x000001d05c9ba9b0
Event: 528.873 Thread 0x000001d05d163b80 Thread exited: 0x000001d05d163b80
Event: 528.891 Thread 0x000001d05c9b9f90 Thread exited: 0x000001d05c9b9f90
Event: 528.912 Thread 0x000001d05d163160 Thread exited: 0x000001d05d163160
Event: 528.912 Thread 0x000001d05d1654d0 Thread exited: 0x000001d05d1654d0
Event: 528.913 Thread 0x000001d05d15f9b0 Thread exited: 0x000001d05d15f9b0
Event: 528.913 Thread 0x000001d05d1659e0 Thread exited: 0x000001d05d1659e0
Event: 528.913 Thread 0x000001d05d15fec0 Thread exited: 0x000001d05d15fec0
Event: 528.913 Thread 0x000001d05d15ea80 Thread exited: 0x000001d05d15ea80
Event: 528.913 Thread 0x000001d05d161d20 Thread exited: 0x000001d05d161d20
Event: 528.913 Thread 0x000001d05d164fc0 Thread exited: 0x000001d05d164fc0
Event: 528.913 Thread 0x000001d05d164090 Thread exited: 0x000001d05d164090
Event: 528.913 Thread 0x000001d05d162230 Thread exited: 0x000001d05d162230
Event: 529.163 Thread 0x000001d05d163160 Thread added: 0x000001d05d163160
Event: 529.169 Thread 0x000001d05d161300 Thread exited: 0x000001d05d161300
Event: 529.283 Thread 0x000001d05d163160 Thread exited: 0x000001d05d163160
Event: 529.421 Thread 0x000001d05d1645a0 Thread exited: 0x000001d05d1645a0
Event: 529.421 Thread 0x000001d05d162740 Thread exited: 0x000001d05d162740
Event: 529.421 Thread 0x000001d05d164ab0 Thread exited: 0x000001d05d164ab0


Dynamic libraries:
0x00007ff6c38b0000 - 0x00007ff6c38be000 	C:\Users\Admin\.jdks\corretto-17.0.11\bin\java.exe
0x00007ff976cf0000 - 0x00007ff976f07000 	C:\WINDOWS\SYSTEM32\ntdll.dll
0x00007ff976940000 - 0x00007ff976a04000 	C:\WINDOWS\System32\KERNEL32.DLL
0x00007ff973eb0000 - 0x00007ff974281000 	C:\WINDOWS\System32\KERNELBASE.dll
0x00007ff974470000 - 0x00007ff974581000 	C:\WINDOWS\System32\ucrtbase.dll
0x00007ff96bf50000 - 0x00007ff96bf67000 	C:\Users\Admin\.jdks\corretto-17.0.11\bin\jli.dll
0x00007ff967b90000 - 0x00007ff967bab000 	C:\Users\Admin\.jdks\corretto-17.0.11\bin\VCRUNTIME140.dll
0x00007ff975c50000 - 0x00007ff975e01000 	C:\WINDOWS\System32\USER32.dll
0x00007ff974700000 - 0x00007ff974726000 	C:\WINDOWS\System32\win32u.dll
0x00007ff976a10000 - 0x00007ff976a39000 	C:\WINDOWS\System32\GDI32.dll
0x00007ff9748a0000 - 0x00007ff9749bb000 	C:\WINDOWS\System32\gdi32full.dll
0x00007ff95e350000 - 0x00007ff95e5e2000 	C:\WINDOWS\WinSxS\amd64_microsoft.windows.common-controls_6595b64144ccf1df_6.0.22621.4830_none_270fe7d773858e80\COMCTL32.dll
0x00007ff974290000 - 0x00007ff97432a000 	C:\WINDOWS\System32\msvcp_win.dll
0x00007ff975e10000 - 0x00007ff975eb7000 	C:\WINDOWS\System32\msvcrt.dll
0x00007ff975ec0000 - 0x00007ff975ef1000 	C:\WINDOWS\System32\IMM32.DLL
0x0000000051d20000 - 0x0000000051d2c000 	D:\Program Files (x86)\360\Total Security\safemon\SafeWrapper.dll
0x00007ff975780000 - 0x00007ff975831000 	C:\WINDOWS\System32\ADVAPI32.dll
0x00007ff975f00000 - 0x00007ff975fa7000 	C:\WINDOWS\System32\sechost.dll
0x00007ff9746d0000 - 0x00007ff9746f8000 	C:\WINDOWS\System32\bcrypt.dll
0x00007ff9755e0000 - 0x00007ff9756f4000 	C:\WINDOWS\System32\RPCRT4.dll
0x00007ff926900000 - 0x00007ff9269ac000 	D:\Program Files (x86)\360\Total Security\safemon\libzdtp64.dll
0x00007ff9749c0000 - 0x00007ff975248000 	C:\WINDOWS\System32\SHELL32.dll
0x00007ff974330000 - 0x00007ff97446f000 	C:\WINDOWS\System32\wintypes.dll
0x00007ff975250000 - 0x00007ff9755e0000 	C:\WINDOWS\System32\combase.dll
0x00007ff976a40000 - 0x00007ff976a9e000 	C:\WINDOWS\System32\SHLWAPI.dll
0x00007ff973ab0000 - 0x00007ff973aba000 	C:\WINDOWS\SYSTEM32\VERSION.dll
0x00007ff967c80000 - 0x00007ff967c8c000 	C:\Users\Admin\.jdks\corretto-17.0.11\bin\vcruntime140_1.dll
0x00007ff959530000 - 0x00007ff9595bd000 	C:\Users\Admin\.jdks\corretto-17.0.11\bin\msvcp140.dll
0x00007ff8f51a0000 - 0x00007ff8f5e02000 	C:\Users\Admin\.jdks\corretto-17.0.11\bin\server\jvm.dll
0x00007ff96e600000 - 0x00007ff96e609000 	C:\WINDOWS\SYSTEM32\WSOCK32.dll
0x00007ff973b00000 - 0x00007ff973b4d000 	C:\WINDOWS\SYSTEM32\POWRPROF.dll
0x00007ff976260000 - 0x00007ff9762d1000 	C:\WINDOWS\System32\WS2_32.dll
0x00007ff96e450000 - 0x00007ff96e484000 	C:\WINDOWS\SYSTEM32\WINMM.dll
0x00007ff973ae0000 - 0x00007ff973af3000 	C:\WINDOWS\SYSTEM32\UMPDC.dll
0x00007ff972e10000 - 0x00007ff972e28000 	C:\WINDOWS\SYSTEM32\kernel.appcore.dll
0x00007ff966b50000 - 0x00007ff966b5a000 	C:\Users\Admin\.jdks\corretto-17.0.11\bin\jimage.dll
0x00007ff96cd30000 - 0x00007ff96cf62000 	C:\WINDOWS\SYSTEM32\DBGHELP.DLL
0x00007ff976160000 - 0x00007ff976237000 	C:\WINDOWS\System32\OLEAUT32.dll
0x00007ff96c6c0000 - 0x00007ff96c6f2000 	C:\WINDOWS\SYSTEM32\dbgcore.DLL
0x00007ff974590000 - 0x00007ff97460b000 	C:\WINDOWS\System32\bcryptPrimitives.dll
0x00007ff9668d0000 - 0x00007ff9668de000 	C:\Users\Admin\.jdks\corretto-17.0.11\bin\instrument.dll
0x00007ff95afa0000 - 0x00007ff95afc5000 	C:\Users\Admin\.jdks\corretto-17.0.11\bin\java.dll
0x00007ff958320000 - 0x00007ff9583f7000 	C:\Users\Admin\.jdks\corretto-17.0.11\bin\jsvml.dll
0x00007ff971d20000 - 0x00007ff97262d000 	C:\WINDOWS\SYSTEM32\windows.storage.dll
0x00007ff975fc0000 - 0x00007ff9760ca000 	C:\WINDOWS\System32\SHCORE.dll
0x00007ff973d60000 - 0x00007ff973d8b000 	C:\WINDOWS\SYSTEM32\profapi.dll
0x00007ff95b830000 - 0x00007ff95b848000 	C:\Users\Admin\.jdks\corretto-17.0.11\bin\zip.dll
0x00007ff95aa30000 - 0x00007ff95aa49000 	C:\Users\Admin\.jdks\corretto-17.0.11\bin\net.dll
0x00007ff970d60000 - 0x00007ff970e8c000 	C:\WINDOWS\SYSTEM32\WINHTTP.dll
0x00007ff973280000 - 0x00007ff9732ea000 	C:\WINDOWS\system32\mswsock.dll
0x00007ff95a430000 - 0x00007ff95a446000 	C:\Users\Admin\.jdks\corretto-17.0.11\bin\nio.dll
0x00007ff95a450000 - 0x00007ff95a46a000 	C:\Program Files\JetBrains\IntelliJ IDEA 2024.1.4\bin\breakgen64.dll
0x00007ff972900000 - 0x00007ff972a02000 	C:\WINDOWS\SYSTEM32\DNSAPI.dll
0x00007ff972890000 - 0x00007ff9728bd000 	C:\WINDOWS\SYSTEM32\IPHLPAPI.DLL
0x00007ff975700000 - 0x00007ff975709000 	C:\WINDOWS\System32\NSI.dll
0x00007ff95a410000 - 0x00007ff95a419000 	C:\Users\Admin\.jdks\corretto-17.0.11\bin\extnet.dll
0x00007ff96dd50000 - 0x00007ff96dd5a000 	C:\Windows\System32\rasadhlp.dll
0x00007ff96da20000 - 0x00007ff96daa3000 	C:\WINDOWS\System32\fwpuclnt.dll
0x00007ff95e7a0000 - 0x00007ff95e7a9000 	C:\Users\Admin\.jdks\corretto-17.0.11\bin\management.dll
0x00007ff95a420000 - 0x00007ff95a42b000 	C:\Users\Admin\.jdks\corretto-17.0.11\bin\management_ext.dll
0x00007ff975b80000 - 0x00007ff975b88000 	C:\WINDOWS\System32\PSAPI.DLL
0x00007ff9734d0000 - 0x00007ff9734eb000 	C:\WINDOWS\SYSTEM32\CRYPTSP.dll
0x00007ff972d70000 - 0x00007ff972da7000 	C:\WINDOWS\system32\rsaenh.dll
0x00007ff973370000 - 0x00007ff973398000 	C:\WINDOWS\SYSTEM32\USERENV.dll
0x00007ff9734f0000 - 0x00007ff9734fc000 	C:\WINDOWS\SYSTEM32\CRYPTBASE.dll
0x00007ff96e4a0000 - 0x00007ff96e4b9000 	C:\WINDOWS\SYSTEM32\dhcpcsvc6.DLL
0x00007ff96e340000 - 0x00007ff96e35f000 	C:\WINDOWS\SYSTEM32\dhcpcsvc.DLL
0x00007ff95b370000 - 0x00007ff95b387000 	C:\WINDOWS\system32\napinsp.dll
0x00007ff95b350000 - 0x00007ff95b36b000 	C:\WINDOWS\system32\pnrpnsp.dll
0x00007ff95b2d0000 - 0x00007ff95b2e1000 	C:\WINDOWS\System32\winrnr.dll
0x00007ff95b2b0000 - 0x00007ff95b2c5000 	C:\WINDOWS\system32\wshbth.dll
0x00007ff95b280000 - 0x00007ff95b2a7000 	C:\WINDOWS\system32\nlansp_c.dll
0x00007ff959890000 - 0x00007ff95989e000 	C:\Users\Admin\.jdks\corretto-17.0.11\bin\sunmscapi.dll
0x00007ff974730000 - 0x00007ff974896000 	C:\WINDOWS\System32\CRYPT32.dll
0x00007ff973700000 - 0x00007ff97372d000 	C:\WINDOWS\SYSTEM32\ncrypt.dll
0x00007ff973650000 - 0x00007ff973687000 	C:\WINDOWS\SYSTEM32\NTASN1.dll
0x00007ff95ed40000 - 0x00007ff95ed50000 	C:\Users\Admin\.jdks\corretto-17.0.11\bin\verify.dll
0x00007ff925bd0000 - 0x00007ff925bd8000 	C:\WINDOWS\system32\wshunix.dll

dbghelp: loaded successfully - version: 4.0.5 - missing functions: none
symbol engine: initialized successfully - sym options: 0x614 - pdb path: .;C:\Users\Admin\.jdks\corretto-17.0.11\bin;C:\WINDOWS\SYSTEM32;C:\WINDOWS\WinSxS\amd64_microsoft.windows.common-controls_6595b64144ccf1df_6.0.22621.4830_none_270fe7d773858e80;D:\Program Files (x86)\360\Total Security\safemon;C:\Users\Admin\.jdks\corretto-17.0.11\bin\server;C:\Program Files\JetBrains\IntelliJ IDEA 2024.1.4\bin

VM Arguments:
jvm_args: -XX:TieredStopAtLevel=1 -Dspring.output.ansi.enabled=always -Dcom.sun.management.jmxremote -Dspring.jmx.enabled=true -Dspring.liveBeansView.mbeanDomain -Dspring.application.admin.enabled=true -Dmanagement.endpoints.jmx.exposure.include=* -javaagent:C:\Program Files\JetBrains\IntelliJ IDEA 2024.1.4\lib\idea_rt.jar=54471:C:\Program Files\JetBrains\IntelliJ IDEA 2024.1.4\bin -Dfile.encoding=UTF-8 
java_command: com.quizprojectapi.QuizProjectApiApplication
java_class_path (initial): D:\quiz-project-api\build\classes\java\main;D:\quiz-project-api\build\resources\main;C:\Users\Admin\.gradle\caches\modules-2\files-2.1\org.projectlombok\lombok\1.18.36\5a30490a6e14977d97d9c73c924c1f1b5311ea95\lombok-1.18.36.jar;C:\Users\Admin\.gradle\caches\modules-2\files-2.1\org.springframework.boot\spring-boot-starter-actuator\3.4.3\4b36856a017191d8b7948d4b7ffa4009ddf8c64\spring-boot-starter-actuator-3.4.3.jar;C:\Users\Admin\.gradle\caches\modules-2\files-2.1\org.springframework.boot\spring-boot-starter-data-jpa\3.4.3\29c90fec6e887dc01df09ea4c3548b5a04b7afb4\spring-boot-starter-data-jpa-3.4.3.jar;C:\Users\Admin\.gradle\caches\modules-2\files-2.1\org.springframework.boot\spring-boot-starter-security\3.4.3\b474a2f9fdd7e46cfb662b13bb38d9da9e7682d0\spring-boot-starter-security-3.4.3.jar;C:\Users\Admin\.gradle\caches\modules-2\files-2.1\org.springframework.boot\spring-boot-starter-validation\3.4.3\cbbea0ff19a55bc84926a04be99045c7eba2420\spring-boot-starter-validation-3.4.3.jar;C:\Users\Admin\.gradle\caches\modules-2\files-2.1\org.springframework.boot\spring-boot-starter-web\3.4.3\87e7a401e7d249fefc7f372f5681e8620234624c\spring-boot-starter-web-3.4.3.jar;C:\Users\Admin\.gradle\caches\modules-2\files-2.1\org.springframework.boot\spring-boot-starter\3.4.3\247fdc05cd6de013c3fd26628fa221dd095b391\spring-boot-starter-3.4.3.jar;C:\Users\Admin\.gradle\caches\modules-2\files-2.1\org.springframework.boot\spring-boot-actuator-autoconfigure\3.4.3\7687349974634acfe2bd65d31dd77ce739a29e62\spring-boot-actuator-autoconfigure-3.4.3.jar;C:\Users\Admin\.gradle\caches\modules-2\files-2.1\io.micrometer\micrometer-jakarta9\1.14.4\12d16a5b64c005b38214bff4070deaa6b0fd29c5\micrometer-jakarta9-1.14.4.jar;C:\Users\Admin\.gradle\caches\modules-2\files-2.1\io.micrometer\micrometer-observation\1.14.4\c17efe9e6695a0a849a95d0e77422516a345e779\micrometer-observation-1.14.4.jar;C:\Users\Admin\.gradle\caches\modules-2\files-2.1\org.springframework.boot\spring-boot-starter-j
Launcher Type: SUN_STANDARD

[Global flags]
     intx CICompilerCount                          = 4                                         {product} {ergonomic}
     uint ConcGCThreads                            = 2                                         {product} {ergonomic}
     uint G1ConcRefinementThreads                  = 8                                         {product} {ergonomic}
   size_t G1HeapRegionSize                         = 1048576                                   {product} {ergonomic}
    uintx GCDrainStackTargetSize                   = 64                                        {product} {ergonomic}
   size_t InitialHeapSize                          = 123731968                                 {product} {ergonomic}
     bool ManagementServer                         = true                                      {product} {command line}
   size_t MarkStackSize                            = 4194304                                   {product} {ergonomic}
   size_t MaxHeapSize                              = 1967128576                                {product} {ergonomic}
   size_t MaxNewSize                               = 1179648000                                {product} {ergonomic}
   size_t MinHeapDeltaBytes                        = 1048576                                   {product} {ergonomic}
   size_t MinHeapSize                              = 8388608                                   {product} {ergonomic}
    uintx NonProfiledCodeHeapSize                  = 0                                      {pd product} {ergonomic}
     bool ProfileInterpreter                       = false                                  {pd product} {command line}
    uintx ProfiledCodeHeapSize                     = 0                                      {pd product} {ergonomic}
   size_t SoftMaxHeapSize                          = 1967128576                             {manageable} {ergonomic}
     intx TieredStopAtLevel                        = 1                                         {product} {command line}
     bool UseCompressedClassPointers               = true                           {product lp64_product} {ergonomic}
     bool UseCompressedOops                        = true                           {product lp64_product} {ergonomic}
     bool UseG1GC                                  = true                                      {product} {ergonomic}
     bool UseLargePagesIndividualAllocation        = false                                  {pd product} {ergonomic}

Logging:
Log output configuration:
 #0: stdout all=warning uptime,level,tags
 #1: stderr all=off uptime,level,tags

Environment Variables:
PATH=C:\WINDOWS\system32;C:\WINDOWS;C:\WINDOWS\System32\Wbem;C:\WINDOWS\System32\WindowsPowerShell\v1.0\;C:\WINDOWS\System32\OpenSSH\;C:\Program Files\Git\cmd;C:\ProgramData\chocolatey\bin;D:\nodejs\;C:\Program Files\MySQL\MySQL Shell 8.0\bin\;C:\Users\Admin\AppData\Local\Microsoft\WindowsApps;C:\Users\Admin\AppData\Roaming\npm
USERNAME=Admin
OS=Windows_NT
PROCESSOR_IDENTIFIER=AMD64 Family 23 Model 104 Stepping 1, AuthenticAMD
TMP=C:\Users\Admin\AppData\Local\Temp
TEMP=C:\Users\Admin\AppData\Local\Temp



Periodic native trim disabled


---------------  S Y S T E M  ---------------

OS:
 Windows 11 , 64 bit Build 22621 (10.0.22621.4974)
OS uptime: 0 days 5:27 hours

CPU: total 8 (initial active 8) (8 cores per cpu, 2 threads per core) family 23 model 104 stepping 1 microcode 0x0, cx8, cmov, fxsr, ht, mmx, 3dnowpref, sse, sse2, sse3, ssse3, sse4a, sse4.1, sse4.2, popcnt, lzcnt, tsc, tscinvbit, avx, avx2, aes, clmul, bmi1, bmi2, adx, sha, fma, vzeroupper, clflush, clflushopt
Processor Information for all 8 processors :
  Max Mhz: 2600, Current Mhz: 2600, Mhz Limit: 2600

Memory: 4k page, system-wide physical 7502M (543M free)
TotalPageFile size 19779M (AvailPageFile size 6M)
current process WorkingSet (physical memory assigned to process): 66M, peak: 268M
current process commit charge ("private bytes"): 336M, peak: 337M

vm_info: OpenJDK 64-Bit Server VM (17.0.11+9-LTS) for windows-amd64 JRE (17.0.11+9-LTS), built on Apr 10 2024 22:12:24 by "Administrator" with MS VC++ 16.10 / 16.11 (VS2019)

END.
